	Exporter version: 4.6.1, Blender version: 2.79 (sub 0)
========= Conversion from Blender to Babylon.js =========
	Scene settings used:
		selected layers only:  false
		flat shading entire scene:  false
		inline textures:  false
		texture directory:  C:\Users\rosst\source\repos\rightpurdyDotnet\rightpurdyDotNet -working\objects\
	Python World class constructor completed
	WARNING: No active camera has been assigned, or is not in a currently selected Blender layer
	processing begun of node:  RP_Pump
	processing begun of mesh:  Coverplate1_1
		processing begun of Standard material:  RPpump
		num positions      :  10553
		num normals        :  10553
		num uvs            :  21106
		num uvs2           :  0
		num colors         :  0
		num indices        :  51033
	processing begun of mesh:  bolt3
		registered as also a user of material:  RPpump
		num positions      :  162
		num normals        :  162
		num uvs            :  324
		num uvs2           :  0
		num colors         :  0
		num indices        :  246
	processing begun of mesh:  bolt2
		registered as also a user of material:  RPpump
		num positions      :  162
		num normals        :  162
		num uvs            :  324
		num uvs2           :  0
		num colors         :  0
		num indices        :  246
	processing begun of mesh:  bolt1
		registered as also a user of material:  RPpump
		num positions      :  162
		num normals        :  162
		num uvs            :  324
		num uvs2           :  0
		num colors         :  0
		num indices        :  246
	processing begun of mesh:  bolt0
		registered as also a user of material:  RPpump
		num positions      :  162
		num normals        :  162
		num uvs            :  324
		num uvs2           :  0
		num colors         :  0
		num indices        :  246
	processing begun of mesh:  centerhub_1
		animation processing begun
			processing action centerhub_1|CINEMA_4D_Main|Layer0:  in[1 - 91], out[0 - 91]
			processing action fin0|CINEMA_4D_Main|Layer0:  in[1 - 91], out[100 - 191]
			processing action fin1|CINEMA_4D_Main|Layer0:  in[1 - 91], out[200 - 291]
			processing action fin2|CINEMA_4D_Main|Layer0:  in[1 - 91], out[300 - 391]
			processing action fin3|CINEMA_4D_Main|Layer0:  in[1 - 91], out[400 - 491]
		registered as also a user of material:  RPpump
		num positions      :  192
		num normals        :  192
		num uvs            :  384
		num uvs2           :  0
		num colors         :  0
		num indices        :  1143
	processing begun of mesh:  fin3
		animation processing begun
			processing action centerhub_1|CINEMA_4D_Main|Layer0:  in[1 - 91], out[0 - 91]
			processing action fin0|CINEMA_4D_Main|Layer0:  in[1 - 91], out[100 - 191]
			processing action fin1|CINEMA_4D_Main|Layer0:  in[1 - 91], out[200 - 291]
			processing action fin2|CINEMA_4D_Main|Layer0:  in[1 - 91], out[300 - 391]
			processing action fin3|CINEMA_4D_Main|Layer0:  in[1 - 91], out[400 - 491]
		registered as also a user of material:  RPpump
		num positions      :  222
		num normals        :  222
		num uvs            :  444
		num uvs2           :  0
		num colors         :  0
		num indices        :  612
	processing begun of mesh:  fin2
		animation processing begun
			processing action centerhub_1|CINEMA_4D_Main|Layer0:  in[1 - 91], out[0 - 91]
			processing action fin0|CINEMA_4D_Main|Layer0:  in[1 - 91], out[100 - 191]
			processing action fin1|CINEMA_4D_Main|Layer0:  in[1 - 91], out[200 - 291]
			processing action fin2|CINEMA_4D_Main|Layer0:  in[1 - 91], out[300 - 391]
			processing action fin3|CINEMA_4D_Main|Layer0:  in[1 - 91], out[400 - 491]
		registered as also a user of material:  RPpump
		num positions      :  222
		num normals        :  222
		num uvs            :  444
		num uvs2           :  0
		num colors         :  0
		num indices        :  612
	processing begun of mesh:  fin1
		animation processing begun
			processing action centerhub_1|CINEMA_4D_Main|Layer0:  in[1 - 91], out[0 - 91]
			processing action fin0|CINEMA_4D_Main|Layer0:  in[1 - 91], out[100 - 191]
			processing action fin1|CINEMA_4D_Main|Layer0:  in[1 - 91], out[200 - 291]
			processing action fin2|CINEMA_4D_Main|Layer0:  in[1 - 91], out[300 - 391]
			processing action fin3|CINEMA_4D_Main|Layer0:  in[1 - 91], out[400 - 491]
		registered as also a user of material:  RPpump
		num positions      :  222
		num normals        :  222
		num uvs            :  444
		num uvs2           :  0
		num colors         :  0
		num indices        :  612
	processing begun of mesh:  fin0
		animation processing begun
			processing action centerhub_1|CINEMA_4D_Main|Layer0:  in[1 - 91], out[0 - 91]
			processing action fin0|CINEMA_4D_Main|Layer0:  in[1 - 91], out[100 - 191]
			processing action fin1|CINEMA_4D_Main|Layer0:  in[1 - 91], out[200 - 291]
			processing action fin2|CINEMA_4D_Main|Layer0:  in[1 - 91], out[300 - 391]
			processing action fin3|CINEMA_4D_Main|Layer0:  in[1 - 91], out[400 - 491]
		registered as also a user of material:  RPpump
		num positions      :  222
		num normals        :  222
		num uvs            :  444
		num uvs2           :  0
		num colors         :  0
		num indices        :  612
	processing begun of mesh:  Motor
		registered as also a user of material:  RPpump
		num positions      :  8297
		num normals        :  8297
		num uvs            :  16594
		num uvs2           :  0
		num colors         :  0
		num indices        :  18558
	processing begun of mesh:  floor
		processing begun of Standard material:  floor
		num positions      :  28
		num normals        :  28
		num uvs            :  56
		num uvs2           :  0
		num colors         :  0
		num indices        :  36
	processing begun of light (POINT):  Light_2
	processing begun of light (POINT):  Light_1
	processing begun of light (POINT):  Light
	processing begun of light (POINT):  Lamp
========= Writing of scene file started =========
========= Writing of scene file completed =========
========= end of processing =========
elapsed time:  0 min, 1.4525 secs
