	Exporter version: 4.6.1, Blender version: 2.79 (sub 0)
========= Conversion from Blender to Babylon.js =========
	Scene settings used:
		selected layers only:  false
		flat shading entire scene:  false
		inline textures:  false
		texture directory:  C:\Users\rosst\source\repos\rightpurdyDotnet\rightpurdyDotNet -working\objects\
	Python World class constructor completed
	WARNING: No active camera has been assigned, or is not in a currently selected Blender layer
	processing begun of node:  RP_Pump
	processing begun of mesh:  Coverplate
		animation processing begun
			processing action Action:  in[140 - 196], out[0 - 196]
			processing action Action.001:  in[80 - 133], out[210 - 343]
			processing action Action.002:  in[80 - 133], out[350 - 483]
			processing action Action.003:  in[80 - 133], out[490 - 623]
			processing action Action.004:  in[80 - 133], out[630 - 763]
			processing action Action.005:  in[2 - 74], out[770 - 844]
			processing action boltAAction:  in[79 - 133], out[850 - 983]
			processing action boltBAction:  in[79 - 133], out[990 - 1123]
			processing action boltCAction:  in[79 - 133], out[1130 - 1263]
			processing action boltDAction:  in[79 - 133], out[1270 - 1403]
			processing action centerhubAction:  in[1 - 73], out[1410 - 1483]
			processing action CoverplateAction:  in[139 - 196], out[1490 - 1686]
			processing action finAAction:  in[1 - 73], out[1700 - 1773]
			processing action finBAction:  in[1 - 73], out[1780 - 1853]
			processing action finCAction:  in[1 - 73], out[1860 - 1933]
			processing action finDAction:  in[1 - 73], out[1940 - 2013]
		processing begun of Standard material:  RPpump
			Diffuse texture found "Texture"
				Image texture found, type:  diffuseTexture, mapped using: "ID727"
		num positions      :  11945
		num normals        :  11945
		num uvs            :  23890
		num uvs2           :  0
		num colors         :  0
		num indices        :  51033
	processing begun of mesh:  boltD
		animation processing begun
			processing action Action:  in[140 - 196], out[0 - 196]
			processing action Action.001:  in[80 - 133], out[210 - 343]
			processing action Action.002:  in[80 - 133], out[350 - 483]
			processing action Action.003:  in[80 - 133], out[490 - 623]
			processing action Action.004:  in[80 - 133], out[630 - 763]
			processing action Action.005:  in[2 - 74], out[770 - 844]
			processing action boltAAction:  in[79 - 133], out[850 - 983]
			processing action boltBAction:  in[79 - 133], out[990 - 1123]
			processing action boltCAction:  in[79 - 133], out[1130 - 1263]
			processing action boltDAction:  in[79 - 133], out[1270 - 1403]
			processing action centerhubAction:  in[1 - 73], out[1410 - 1483]
			processing action CoverplateAction:  in[139 - 196], out[1490 - 1686]
			processing action finAAction:  in[1 - 73], out[1700 - 1773]
			processing action finBAction:  in[1 - 73], out[1780 - 1853]
			processing action finCAction:  in[1 - 73], out[1860 - 1933]
			processing action finDAction:  in[1 - 73], out[1940 - 2013]
		registered as also a user of material:  RPpump
		num positions      :  162
		num normals        :  162
		num uvs            :  324
		num uvs2           :  0
		num colors         :  0
		num indices        :  246
	processing begun of mesh:  boltC
		animation processing begun
			processing action Action:  in[140 - 196], out[0 - 196]
			processing action Action.001:  in[80 - 133], out[210 - 343]
			processing action Action.002:  in[80 - 133], out[350 - 483]
			processing action Action.003:  in[80 - 133], out[490 - 623]
			processing action Action.004:  in[80 - 133], out[630 - 763]
			processing action Action.005:  in[2 - 74], out[770 - 844]
			processing action boltAAction:  in[79 - 133], out[850 - 983]
			processing action boltBAction:  in[79 - 133], out[990 - 1123]
			processing action boltCAction:  in[79 - 133], out[1130 - 1263]
			processing action boltDAction:  in[79 - 133], out[1270 - 1403]
			processing action centerhubAction:  in[1 - 73], out[1410 - 1483]
			processing action CoverplateAction:  in[139 - 196], out[1490 - 1686]
			processing action finAAction:  in[1 - 73], out[1700 - 1773]
			processing action finBAction:  in[1 - 73], out[1780 - 1853]
			processing action finCAction:  in[1 - 73], out[1860 - 1933]
			processing action finDAction:  in[1 - 73], out[1940 - 2013]
		registered as also a user of material:  RPpump
		num positions      :  162
		num normals        :  162
		num uvs            :  324
		num uvs2           :  0
		num colors         :  0
		num indices        :  246
	processing begun of mesh:  boltB
		animation processing begun
			processing action Action:  in[140 - 196], out[0 - 196]
			processing action Action.001:  in[80 - 133], out[210 - 343]
			processing action Action.002:  in[80 - 133], out[350 - 483]
			processing action Action.003:  in[80 - 133], out[490 - 623]
			processing action Action.004:  in[80 - 133], out[630 - 763]
			processing action Action.005:  in[2 - 74], out[770 - 844]
			processing action boltAAction:  in[79 - 133], out[850 - 983]
			processing action boltBAction:  in[79 - 133], out[990 - 1123]
			processing action boltCAction:  in[79 - 133], out[1130 - 1263]
			processing action boltDAction:  in[79 - 133], out[1270 - 1403]
			processing action centerhubAction:  in[1 - 73], out[1410 - 1483]
			processing action CoverplateAction:  in[139 - 196], out[1490 - 1686]
			processing action finAAction:  in[1 - 73], out[1700 - 1773]
			processing action finBAction:  in[1 - 73], out[1780 - 1853]
			processing action finCAction:  in[1 - 73], out[1860 - 1933]
			processing action finDAction:  in[1 - 73], out[1940 - 2013]
		registered as also a user of material:  RPpump
		num positions      :  162
		num normals        :  162
		num uvs            :  324
		num uvs2           :  0
		num colors         :  0
		num indices        :  246
	processing begun of mesh:  boltA
		animation processing begun
			processing action Action:  in[140 - 196], out[0 - 196]
			processing action Action.001:  in[80 - 133], out[210 - 343]
			processing action Action.002:  in[80 - 133], out[350 - 483]
			processing action Action.003:  in[80 - 133], out[490 - 623]
			processing action Action.004:  in[80 - 133], out[630 - 763]
			processing action Action.005:  in[2 - 74], out[770 - 844]
			processing action boltAAction:  in[79 - 133], out[850 - 983]
			processing action boltBAction:  in[79 - 133], out[990 - 1123]
			processing action boltCAction:  in[79 - 133], out[1130 - 1263]
			processing action boltDAction:  in[79 - 133], out[1270 - 1403]
			processing action centerhubAction:  in[1 - 73], out[1410 - 1483]
			processing action CoverplateAction:  in[139 - 196], out[1490 - 1686]
			processing action finAAction:  in[1 - 73], out[1700 - 1773]
			processing action finBAction:  in[1 - 73], out[1780 - 1853]
			processing action finCAction:  in[1 - 73], out[1860 - 1933]
			processing action finDAction:  in[1 - 73], out[1940 - 2013]
		registered as also a user of material:  RPpump
		num positions      :  162
		num normals        :  162
		num uvs            :  324
		num uvs2           :  0
		num colors         :  0
		num indices        :  246
	processing begun of mesh:  centerhub
		animation processing begun
			processing action Action:  in[140 - 196], out[0 - 196]
			processing action Action.001:  in[80 - 133], out[210 - 343]
			processing action Action.002:  in[80 - 133], out[350 - 483]
			processing action Action.003:  in[80 - 133], out[490 - 623]
			processing action Action.004:  in[80 - 133], out[630 - 763]
			processing action Action.005:  in[2 - 74], out[770 - 844]
			processing action boltAAction:  in[79 - 133], out[850 - 983]
			processing action boltBAction:  in[79 - 133], out[990 - 1123]
			processing action boltCAction:  in[79 - 133], out[1130 - 1263]
			processing action boltDAction:  in[79 - 133], out[1270 - 1403]
			processing action centerhubAction:  in[1 - 73], out[1410 - 1483]
			processing action CoverplateAction:  in[139 - 196], out[1490 - 1686]
			processing action finAAction:  in[1 - 73], out[1700 - 1773]
			processing action finBAction:  in[1 - 73], out[1780 - 1853]
			processing action finCAction:  in[1 - 73], out[1860 - 1933]
			processing action finDAction:  in[1 - 73], out[1940 - 2013]
		registered as also a user of material:  RPpump
		num positions      :  417
		num normals        :  417
		num uvs            :  834
		num uvs2           :  0
		num colors         :  0
		num indices        :  1143
	processing begun of mesh:  finD
		animation processing begun
			processing action Action:  in[140 - 196], out[0 - 196]
			processing action Action.001:  in[80 - 133], out[210 - 343]
			processing action Action.002:  in[80 - 133], out[350 - 483]
			processing action Action.003:  in[80 - 133], out[490 - 623]
			processing action Action.004:  in[80 - 133], out[630 - 763]
			processing action Action.005:  in[2 - 74], out[770 - 844]
			processing action boltAAction:  in[79 - 133], out[850 - 983]
			processing action boltBAction:  in[79 - 133], out[990 - 1123]
			processing action boltCAction:  in[79 - 133], out[1130 - 1263]
			processing action boltDAction:  in[79 - 133], out[1270 - 1403]
			processing action centerhubAction:  in[1 - 73], out[1410 - 1483]
			processing action CoverplateAction:  in[139 - 196], out[1490 - 1686]
			processing action finAAction:  in[1 - 73], out[1700 - 1773]
			processing action finBAction:  in[1 - 73], out[1780 - 1853]
			processing action finCAction:  in[1 - 73], out[1860 - 1933]
			processing action finDAction:  in[1 - 73], out[1940 - 2013]
		registered as also a user of material:  RPpump
		num positions      :  222
		num normals        :  222
		num uvs            :  444
		num uvs2           :  0
		num colors         :  0
		num indices        :  612
	processing begun of mesh:  finC
		animation processing begun
			processing action Action:  in[140 - 196], out[0 - 196]
			processing action Action.001:  in[80 - 133], out[210 - 343]
			processing action Action.002:  in[80 - 133], out[350 - 483]
			processing action Action.003:  in[80 - 133], out[490 - 623]
			processing action Action.004:  in[80 - 133], out[630 - 763]
			processing action Action.005:  in[2 - 74], out[770 - 844]
			processing action boltAAction:  in[79 - 133], out[850 - 983]
			processing action boltBAction:  in[79 - 133], out[990 - 1123]
			processing action boltCAction:  in[79 - 133], out[1130 - 1263]
			processing action boltDAction:  in[79 - 133], out[1270 - 1403]
			processing action centerhubAction:  in[1 - 73], out[1410 - 1483]
			processing action CoverplateAction:  in[139 - 196], out[1490 - 1686]
			processing action finAAction:  in[1 - 73], out[1700 - 1773]
			processing action finBAction:  in[1 - 73], out[1780 - 1853]
			processing action finCAction:  in[1 - 73], out[1860 - 1933]
			processing action finDAction:  in[1 - 73], out[1940 - 2013]
		registered as also a user of material:  RPpump
		num positions      :  222
		num normals        :  222
		num uvs            :  444
		num uvs2           :  0
		num colors         :  0
		num indices        :  612
	processing begun of mesh:  finB
		animation processing begun
			processing action Action:  in[140 - 196], out[0 - 196]
			processing action Action.001:  in[80 - 133], out[210 - 343]
			processing action Action.002:  in[80 - 133], out[350 - 483]
			processing action Action.003:  in[80 - 133], out[490 - 623]
			processing action Action.004:  in[80 - 133], out[630 - 763]
			processing action Action.005:  in[2 - 74], out[770 - 844]
			processing action boltAAction:  in[79 - 133], out[850 - 983]
			processing action boltBAction:  in[79 - 133], out[990 - 1123]
			processing action boltCAction:  in[79 - 133], out[1130 - 1263]
			processing action boltDAction:  in[79 - 133], out[1270 - 1403]
			processing action centerhubAction:  in[1 - 73], out[1410 - 1483]
			processing action CoverplateAction:  in[139 - 196], out[1490 - 1686]
			processing action finAAction:  in[1 - 73], out[1700 - 1773]
			processing action finBAction:  in[1 - 73], out[1780 - 1853]
			processing action finCAction:  in[1 - 73], out[1860 - 1933]
			processing action finDAction:  in[1 - 73], out[1940 - 2013]
		registered as also a user of material:  RPpump
		num positions      :  222
		num normals        :  222
		num uvs            :  444
		num uvs2           :  0
		num colors         :  0
		num indices        :  612
	processing begun of mesh:  finA
		animation processing begun
			processing action Action:  in[140 - 196], out[0 - 196]
			processing action Action.001:  in[80 - 133], out[210 - 343]
			processing action Action.002:  in[80 - 133], out[350 - 483]
			processing action Action.003:  in[80 - 133], out[490 - 623]
			processing action Action.004:  in[80 - 133], out[630 - 763]
			processing action Action.005:  in[2 - 74], out[770 - 844]
			processing action boltAAction:  in[79 - 133], out[850 - 983]
			processing action boltBAction:  in[79 - 133], out[990 - 1123]
			processing action boltCAction:  in[79 - 133], out[1130 - 1263]
			processing action boltDAction:  in[79 - 133], out[1270 - 1403]
			processing action centerhubAction:  in[1 - 73], out[1410 - 1483]
			processing action CoverplateAction:  in[139 - 196], out[1490 - 1686]
			processing action finAAction:  in[1 - 73], out[1700 - 1773]
			processing action finBAction:  in[1 - 73], out[1780 - 1853]
			processing action finCAction:  in[1 - 73], out[1860 - 1933]
			processing action finDAction:  in[1 - 73], out[1940 - 2013]
		registered as also a user of material:  RPpump
		num positions      :  222
		num normals        :  222
		num uvs            :  444
		num uvs2           :  0
		num colors         :  0
		num indices        :  612
	processing begun of mesh:  Motor
		registered as also a user of material:  RPpump
		num positions      :  5811
		num normals        :  5811
		num uvs            :  11622
		num uvs2           :  0
		num colors         :  0
		num indices        :  18558
	processing begun of mesh:  floor
		processing begun of Standard material:  floor
			Diffuse texture found "Texture.001"
				Image texture found, type:  diffuseTexture, mapped using: "ID22"
		num positions      :  24
		num normals        :  24
		num uvs            :  48
		num uvs2           :  0
		num colors         :  0
		num indices        :  36
	processing begun of light (POINT):  Lightfill
	processing begun of light (POINT):  Lightkey
	processing begun of light (POINT):  Lightrim
	processing begun of light (POINT):  Lamp
========= Writing of scene file started =========
========= Writing of scene file completed =========
========= end of processing =========
elapsed time:  0 min, 1.8829 secs
