	Exporter version: 4.6.1, Blender version: 2.79 (sub 0)
========= Conversion from Blender to Babylon.js =========
	Scene settings used:
		selected layers only:  false
		flat shading entire scene:  false
		inline textures:  false
		texture directory:  C:\Users\rosst\source\repos\rightpurdyDotnet\dotNet\objects\aniPump\
	Python World class constructor completed
	processing begun of node:  RP_Pump
	processing begun of mesh:  centerhub_1
		animation processing begun
			processing action centerhub_1|CINEMA_4D_Main|Layer0:  in[1 - 91], out[0 - 91]
			processing action Cube.001|CINEMA_4D_Main|Layer0:  in[1 - 91], out[100 - 191]
			processing action Cube_1|CINEMA_4D_Main|Layer0:  in[1 - 91], out[200 - 291]
			processing action Cube_2|CINEMA_4D_Main|Layer0:  in[1 - 91], out[300 - 391]
			processing action Cube_3|CINEMA_4D_Main|Layer0:  in[1 - 91], out[400 - 491]
		WARNING: No materials have been assigned: 
		num positions      :  722
		num normals        :  722
		num uvs            :  1444
		num uvs2           :  0
		num colors         :  0
		num indices        :  1248
	processing begun of mesh:  Cube_2
		animation processing begun
			processing action centerhub_1|CINEMA_4D_Main|Layer0:  in[1 - 91], out[0 - 91]
			processing action Cube.001|CINEMA_4D_Main|Layer0:  in[1 - 91], out[100 - 191]
			processing action Cube_1|CINEMA_4D_Main|Layer0:  in[1 - 91], out[200 - 291]
			processing action Cube_2|CINEMA_4D_Main|Layer0:  in[1 - 91], out[300 - 391]
			processing action Cube_3|CINEMA_4D_Main|Layer0:  in[1 - 91], out[400 - 491]
		WARNING: No materials have been assigned: 
		num positions      :  222
		num normals        :  222
		num uvs            :  444
		num uvs2           :  0
		num colors         :  0
		num indices        :  612
	processing begun of mesh:  Cube_1
		animation processing begun
			processing action centerhub_1|CINEMA_4D_Main|Layer0:  in[1 - 91], out[0 - 91]
			processing action Cube.001|CINEMA_4D_Main|Layer0:  in[1 - 91], out[100 - 191]
			processing action Cube_1|CINEMA_4D_Main|Layer0:  in[1 - 91], out[200 - 291]
			processing action Cube_2|CINEMA_4D_Main|Layer0:  in[1 - 91], out[300 - 391]
			processing action Cube_3|CINEMA_4D_Main|Layer0:  in[1 - 91], out[400 - 491]
		WARNING: No materials have been assigned: 
		num positions      :  222
		num normals        :  222
		num uvs            :  444
		num uvs2           :  0
		num colors         :  0
		num indices        :  612
	processing begun of mesh:  Cube_3
		animation processing begun
			processing action centerhub_1|CINEMA_4D_Main|Layer0:  in[1 - 91], out[0 - 91]
			processing action Cube.001|CINEMA_4D_Main|Layer0:  in[1 - 91], out[100 - 191]
			processing action Cube_1|CINEMA_4D_Main|Layer0:  in[1 - 91], out[200 - 291]
			processing action Cube_2|CINEMA_4D_Main|Layer0:  in[1 - 91], out[300 - 391]
			processing action Cube_3|CINEMA_4D_Main|Layer0:  in[1 - 91], out[400 - 491]
		WARNING: No materials have been assigned: 
		num positions      :  222
		num normals        :  222
		num uvs            :  444
		num uvs2           :  0
		num colors         :  0
		num indices        :  612
	processing begun of mesh:  Cube.001
		animation processing begun
			processing action centerhub_1|CINEMA_4D_Main|Layer0:  in[1 - 91], out[0 - 91]
			processing action Cube.001|CINEMA_4D_Main|Layer0:  in[1 - 91], out[100 - 191]
			processing action Cube_1|CINEMA_4D_Main|Layer0:  in[1 - 91], out[200 - 291]
			processing action Cube_2|CINEMA_4D_Main|Layer0:  in[1 - 91], out[300 - 391]
			processing action Cube_3|CINEMA_4D_Main|Layer0:  in[1 - 91], out[400 - 491]
		WARNING: No materials have been assigned: 
		num positions      :  222
		num normals        :  222
		num uvs            :  444
		num uvs2           :  0
		num colors         :  0
		num indices        :  612
	processing begun of mesh:  Motor
		WARNING: No materials have been assigned: 
		num positions      :  6494
		num normals        :  6494
		num uvs            :  12988
		num uvs2           :  0
		num colors         :  0
		num indices        :  19578
		WARNING: # of 0 area faces found:  4
	processing begun of camera (FreeCamera):  Camera
	processing begun of light (POINT):  Lamp
========= Writing of scene file started =========
========= Writing of scene file completed =========
========= end of processing =========
elapsed time:  0 min, 0.9387 secs
