	Exporter version: 4.6.1, Blender version: 2.79 (sub 0)
========= Conversion from Blender to Babylon.js =========
	Scene settings used:
		selected layers only:  false
		flat shading entire scene:  false
		inline textures:  false
		texture directory:  C:\Users\rosst\source\repos\rightpurdyDotnet\dotNet\js\objects\
	Python World class constructor completed
	processing begun of mesh:  Motor
		processing begun of Standard material:  default
		num positions      :  7648
		num normals        :  7648
		num uvs            :  15296
		num uvs2           :  0
		num colors         :  0
		num indices        :  19578
		WARNING: # of 0 area faces found:  4
	processing begun of mesh:  centerhub.1
		registered as also a user of material:  default
		num positions      :  781
		num normals        :  781
		num uvs            :  1562
		num uvs2           :  0
		num colors         :  0
		num indices        :  1248
	processing begun of mesh:  Cube.2
		registered as also a user of material:  default
		num positions      :  222
		num normals        :  222
		num uvs            :  444
		num uvs2           :  0
		num colors         :  0
		num indices        :  612
	processing begun of mesh:  Cube.1
		registered as also a user of material:  default
		num positions      :  222
		num normals        :  222
		num uvs            :  444
		num uvs2           :  0
		num colors         :  0
		num indices        :  612
	processing begun of mesh:  bolt.2
		registered as also a user of material:  default
		num positions      :  162
		num normals        :  162
		num uvs            :  324
		num uvs2           :  0
		num colors         :  0
		num indices        :  246
	processing begun of mesh:  bolt.3
		registered as also a user of material:  default
		num positions      :  162
		num normals        :  162
		num uvs            :  324
		num uvs2           :  0
		num colors         :  0
		num indices        :  246
	processing begun of mesh:  Cube.001
		registered as also a user of material:  default
		num positions      :  222
		num normals        :  222
		num uvs            :  444
		num uvs2           :  0
		num colors         :  0
		num indices        :  612
	processing begun of mesh:  bolt
		registered as also a user of material:  default
		num positions      :  162
		num normals        :  162
		num uvs            :  324
		num uvs2           :  0
		num colors         :  0
		num indices        :  246
	processing begun of mesh:  Coverplate.1
		registered as also a user of material:  default
		num positions      :  21777
		num normals        :  21777
		num uvs            :  43554
		num uvs2           :  0
		num colors         :  0
		num indices        :  61476
	processing begun of mesh:  bolt.1
		registered as also a user of material:  default
		num positions      :  162
		num normals        :  162
		num uvs            :  324
		num uvs2           :  0
		num colors         :  0
		num indices        :  246
	processing begun of mesh:  Cube.3
		registered as also a user of material:  default
		num positions      :  222
		num normals        :  222
		num uvs            :  444
		num uvs2           :  0
		num colors         :  0
		num indices        :  612
	processing begun of camera (FreeCamera):  Camera
	processing begun of light (POINT):  Lamp
========= Writing of scene file started =========
========= Writing of scene file completed =========
========= end of processing =========
elapsed time:  0 min, 0.9522 secs
